P_APIMMD02  
P_APIMMD05  
P_APIMMD06  
P_COOLBA6  
P_APIMMD26  
P_COOLBB3  
P_PLDCOMMPLC1  
P_COUNTPREV  
P_SPSVIDEO  
P_APIMMD15  
P_COOLBA82  
P_PSACSSZEHALL  
P_APIMMD01  
P_APIMMD04
P_APIMMD19
P_APIMMD20  
P_APIMMD28  
P_COOLBA81  
P_COOLBA1  
P_COOLBA3  
P_APIMMD29  
P_PSACSSZAD  
P_APIMMD16  
P_APIMMD22  
P_APIMMD11  
P_COOLBA4  
P_COOLBA80  
P_COUNTMEYGE  
P_YZLASSGW01  
P_ACSSZSPSM2P0  
P_APIMMD07  
P_APIMMD18  
P_APIMMD21  
P_VENTSUI2  
P_CTF3COOLPLC  
P_VENTCCC  
P_PLCTE80  
P_CHILLERS186  
P_COUNTMEYGB  
P_ACSSZSPSH6H8  
P_YZPASSPS0  
P_APIMMD03  
P_APIMMD08  
P_APIMMD17  
P_APIMMD10  
P_COOLBA7  
P_COOLBA5  
P_COOLBA2  
P_VENT513  
P_COOLSTPSX5  
P_VENTSUI8  
P_COUNTMEYGA  
P_STEP676  
P_APIMMD12  
P_APIMMD25  
P_AIRH4STP887  
P_VENTSR1  
P_YZPOWERMAN  
P_ACSSZSPSH2H4  
P_APIMMD13  
P_APIMMD23  
P_APIMMD24  
P_APIMMD27  
P_APIMMD30  
P_JECTEST01  
P_PSCCCPRIM