P_GTCPOMPSF8  
P_GTCPOMPSF4  
P_CVRMTVENTLHC01  
P_CVRSVGEN01_OFS  
P_CVRCLSPS01_SNT  
P_SAIA_01  
P_COOLTOURBA6  
P_GTCCHILLSU1  
P_GTCVENTCNGS  
P_CVRSVEXP01_SNT  
P_CVRSVGEN01_SNT  
P_CVBACNET01_BAC  
P_GTCVENT18  
P_GTCVENT1  
P_GTCCHILLSU32  
P_GTCCHILLSZU33  
P_GTCCHILLSU7  
P_GTCTESTCM11  
P_CVTESTCM10  
P_GTCVENT8  
P_GTCCHILLSU8  
P_GTCCHILLSU4  
P_VCVRSLHC01_SNT  
P_GTCVENT18W7  
P_CVRSVEXP01_OFS  
P_CVRPPLHC01_OFS  
P_CVRMTDEV01_SNT  
P_CVRMTDEV01_OFS  
P_GTCVENT5  
P_GTCVENT6  
P_GTCPOMPUW45  
P_LACS01  
P_CVDCOOL01_OFS  
P_GTCVENT4  
P_GTCTOURS378  
P_GTCVENTATLAS  
P_CVRVLHC02_SNT  
P_CVRMTDEV01_BAC  
P_YECCPPS0_SNT  
P_CVTESTW94W7
P_YECCPCPS_SNT
P_YDCCPCCR
