P_COOLTOURBA6
P_CVDCOOL01_OFS
P_CVRMTDEV01_BAC
P_CVRMTDEV01_OFS
P_CVRMTDEV01_SNT
P_CVRPPLHC01_OFS
P_CVRSVEXP01_OFS
P_CVRSVEXP01_SNT
P_CVRSVGEN01_SNT
P_CVRVLHC02_SNT
P_CVRMTVENTLHC01
P_GTCCOOLCNGS
P_GTCCHILLSU1
P_GTCCHILLSU2
P_GTCCHILLSU32
P_GTCCHILLSU4
P_GTCCHILLSU6
P_GTCCHILLSU7
P_GTCCHILLSU8
P_GTCCHILLSUX1
P_GTCCHILLSUX5
P_GTCCHILLSZU33
P_GTCCOOLUSA15
P_GTCPOMPSF1
P_GTCPOMPSF2
P_GTCPOMPSF4
P_GTCPOMPSF5
P_GTCPOMPSF6
P_GTCPOMPSF8
P_GTCPOMPUW25
P_GTCPOMPUW45
P_GTCPOMPUW65
P_GTCPOMPUW85
P_GTCTOURS378
P_GTCVENT1
P_GTCVENT18
P_GTCVENT4
P_GTCVENT5
P_GTCVENT6
P_GTCVENT8
P_GTCVENTATLAS
P_GTCVENTCMS
P_GTCVENTSCX5
P_GTCVENTCNGS
P_LACS01
P_VCVRSLHC01_SNT
P_CVRSVGEN01_OFS
P_CVRCLSPS01_SNT
P_CVRVSPS01_SNT
P_CVBACNET01_BAC
P_SAIA_01
P_YECCPPS0_SNT